<?xml version="1.0" encoding="UTF-8"?>
<testsuite xmlns:xsi="http://www.w3.org/2001/XMLSchema-instance" xsi:noNamespaceSchemaLocation="https://maven.apache.org/surefire/maven-surefire-plugin/xsd/surefire-test-report.xsd" name="com.example.ddd.acl.port.user.userRepositoryTests" time="0.235" tests="8" errors="2" skipped="0" failures="0">
  <properties>
[...]
</properties>
  <testcase name="selectById[0 should_1_true]" classname="com.example.ddd.acl.port.user.userRepositoryTests" time="0.005"/>
  <testcase name="insert[0 should_1_true]" classname="com.example.ddd.acl.port.user.userRepositoryTests" time="0.005">
    <error type="java.lang.NullPointerException">java.lang.NullPointerException
	at com.example.ddd.acl.port.user.userRepositoryTests.insert(userRepositoryTests.java:84)
</error>
    <system-out><![CDATA[01:10:30.931 [main] DEBUG com.example.ddd.acl.port.user.userRepositoryTests - before
01:10:30.932 [main] DEBUG com.example.ddd.acl.port.user.userRepositoryTests - after
]]></system-out>
  </testcase>
  <testcase name="update[0 should_1_true]" classname="com.example.ddd.acl.port.user.userRepositoryTests" time="0.001"/>
  <testcase name="deleteById[0 should_1_true]" classname="com.example.ddd.acl.port.user.userRepositoryTests" time="0"/>
  <testcase name="selectById[1 should_2_true]" classname="com.example.ddd.acl.port.user.userRepositoryTests" time="0.001"/>
  <testcase name="insert[1 should_2_true]" classname="com.example.ddd.acl.port.user.userRepositoryTests" time="0">
    <error type="java.lang.NullPointerException">java.lang.NullPointerException
	at com.example.ddd.acl.port.user.userRepositoryTests.insert(userRepositoryTests.java:84)
</error>
    <system-out><![CDATA[01:10:30.938 [main] DEBUG com.example.ddd.acl.port.user.userRepositoryTests - before
01:10:30.938 [main] DEBUG com.example.ddd.acl.port.user.userRepositoryTests - after
]]></system-out>
  </testcase>
  <testcase name="update[1 should_2_true]" classname="com.example.ddd.acl.port.user.userRepositoryTests" time="0.001"/>
  <testcase name="deleteById[1 should_2_true]" classname="com.example.ddd.acl.port.user.userRepositoryTests" time="0"/>
</testsuite>